
服务开启  time:Tue Dec 17 2019 23:16:31 GMT+0800 (GMT+08:00)
/index.html  time:Tue Dec 17 2019 23:18:00 GMT+0800 (GMT+08:00)
/index.css  time:Tue Dec 17 2019 23:18:00 GMT+0800 (GMT+08:00)
/login.js  time:Tue Dec 17 2019 23:18:00 GMT+0800 (GMT+08:00)
/favicon.ico  time:Tue Dec 17 2019 23:18:00 GMT+0800 (GMT+08:00)
/login  time:Tue Dec 17 2019 23:18:13 GMT+0800 (GMT+08:00)
/login  time:Tue Dec 17 2019 23:18:18 GMT+0800 (GMT+08:00)
/index.html  time:Tue Dec 17 2019 23:18:56 GMT+0800 (GMT+08:00)
/index.css  time:Tue Dec 17 2019 23:18:56 GMT+0800 (GMT+08:00)
/login.js  time:Tue Dec 17 2019 23:18:56 GMT+0800 (GMT+08:00)
服务开启  time:Wed Dec 18 2019 15:28:37 GMT+0800 (GMT+08:00)
/index.html  time:Wed Dec 18 2019 15:29:01 GMT+0800 (GMT+08:00)
/index.css  time:Wed Dec 18 2019 15:29:01 GMT+0800 (GMT+08:00)
/login.js  time:Wed Dec 18 2019 15:29:01 GMT+0800 (GMT+08:00)
/favicon.ico  time:Wed Dec 18 2019 15:29:02 GMT+0800 (GMT+08:00)
/index.css  time:Wed Dec 18 2019 15:29:04 GMT+0800 (GMT+08:00)
/login  time:Wed Dec 18 2019 15:42:48 GMT+0800 (GMT+08:00)
/login  time:Wed Dec 18 2019 16:01:46 GMT+0800 (GMT+08:00)
/login  time:Wed Dec 18 2019 16:20:25 GMT+0800 (GMT+08:00)
服务开启  time:Wed Dec 18 2019 16:20:31 GMT+0800 (GMT+08:00)
/login  time:Wed Dec 18 2019 16:20:34 GMT+0800 (GMT+08:00)
/login  time:Wed Dec 18 2019 16:20:38 GMT+0800 (GMT+08:00)
服务开启  time:Wed Dec 18 2019 16:20:49 GMT+0800 (GMT+08:00)
服务开启  time:Wed Dec 18 2019 16:33:05 GMT+0800 (GMT+08:00)
/login  time:Wed Dec 18 2019 16:33:10 GMT+0800 (GMT+08:00)
服务开启  time:Wed Dec 18 2019 16:33:21 GMT+0800 (GMT+08:00)
/login  time:Wed Dec 18 2019 16:33:23 GMT+0800 (GMT+08:00)
/login  time:Wed Dec 18 2019 16:33:27 GMT+0800 (GMT+08:00)
服务开启  time:Wed Dec 18 2019 17:37:26 GMT+0800 (GMT+08:00)
/main.html  time:Wed Dec 18 2019 17:37:41 GMT+0800 (GMT+08:00)
服务开启  time:Wed Dec 18 2019 17:48:47 GMT+0800 (GMT+08:00)
/main.html  time:Wed Dec 18 2019 17:48:55 GMT+0800 (GMT+08:00)
服务开启  time:Wed Dec 18 2019 21:51:32 GMT+0800 (GMT+08:00)
服务开启  time:Wed Dec 18 2019 21:55:24 GMT+0800 (GMT+08:00)
/index.html  time:Wed Dec 18 2019 21:55:35 GMT+0800 (GMT+08:00)
/index.css  time:Wed Dec 18 2019 21:55:35 GMT+0800 (GMT+08:00)
/login.js  time:Wed Dec 18 2019 21:55:35 GMT+0800 (GMT+08:00)
/favicon.ico  time:Wed Dec 18 2019 21:55:35 GMT+0800 (GMT+08:00)
/index.css  time:Wed Dec 18 2019 21:55:38 GMT+0800 (GMT+08:00)
/index.html  time:Wed Dec 18 2019 21:55:42 GMT+0800 (GMT+08:00)
/index.css  time:Wed Dec 18 2019 21:55:42 GMT+0800 (GMT+08:00)
/login.js  time:Wed Dec 18 2019 21:55:42 GMT+0800 (GMT+08:00)
服务开启  time:Wed Dec 18 2019 21:56:59 GMT+0800 (GMT+08:00)
/index.html  time:Wed Dec 18 2019 21:57:03 GMT+0800 (GMT+08:00)
/index.css  time:Wed Dec 18 2019 21:57:03 GMT+0800 (GMT+08:00)
/login.js  time:Wed Dec 18 2019 21:57:03 GMT+0800 (GMT+08:00)
服务开启  time:Wed Dec 18 2019 21:57:48 GMT+0800 (GMT+08:00)
/index.html  time:Wed Dec 18 2019 21:57:55 GMT+0800 (GMT+08:00)
/index.css  time:Wed Dec 18 2019 21:57:55 GMT+0800 (GMT+08:00)
/login.js  time:Wed Dec 18 2019 21:57:55 GMT+0800 (GMT+08:00)
/index.html  time:Wed Dec 18 2019 21:57:57 GMT+0800 (GMT+08:00)
/index.css  time:Wed Dec 18 2019 21:57:57 GMT+0800 (GMT+08:00)
/login.js  time:Wed Dec 18 2019 21:57:57 GMT+0800 (GMT+08:00)
/index.html  time:Wed Dec 18 2019 21:59:50 GMT+0800 (GMT+08:00)
/index.css  time:Wed Dec 18 2019 21:59:50 GMT+0800 (GMT+08:00)
/login.js  time:Wed Dec 18 2019 21:59:50 GMT+0800 (GMT+08:00)
/index.html  time:Wed Dec 18 2019 21:59:51 GMT+0800 (GMT+08:00)
/index.css  time:Wed Dec 18 2019 21:59:51 GMT+0800 (GMT+08:00)
/login.js  time:Wed Dec 18 2019 21:59:51 GMT+0800 (GMT+08:00)
服务开启  time:Wed Dec 18 2019 21:59:55 GMT+0800 (GMT+08:00)
/index.html  time:Wed Dec 18 2019 21:59:58 GMT+0800 (GMT+08:00)
/index.css  time:Wed Dec 18 2019 21:59:58 GMT+0800 (GMT+08:00)
/login.js  time:Wed Dec 18 2019 21:59:58 GMT+0800 (GMT+08:00)
服务开启  time:Wed Dec 18 2019 22:00:17 GMT+0800 (GMT+08:00)
服务开启  time:Wed Dec 18 2019 22:00:18 GMT+0800 (GMT+08:00)
/index.html  time:Wed Dec 18 2019 22:00:21 GMT+0800 (GMT+08:00)
/index.css  time:Wed Dec 18 2019 22:00:21 GMT+0800 (GMT+08:00)
/login.js  time:Wed Dec 18 2019 22:00:21 GMT+0800 (GMT+08:00)
/index.html  time:Wed Dec 18 2019 22:00:28 GMT+0800 (GMT+08:00)
/index.css  time:Wed Dec 18 2019 22:00:28 GMT+0800 (GMT+08:00)
/login.js  time:Wed Dec 18 2019 22:00:28 GMT+0800 (GMT+08:00)
/login  time:Wed Dec 18 2019 22:01:27 GMT+0800 (GMT+08:00)
/index.html  time:Wed Dec 18 2019 22:01:27 GMT+0800 (GMT+08:00)
服务开启  time:Wed Dec 18 2019 22:04:01 GMT+0800 (GMT+08:00)
/index.html  time:Wed Dec 18 2019 22:04:02 GMT+0800 (GMT+08:00)
/index.css  time:Wed Dec 18 2019 22:04:02 GMT+0800 (GMT+08:00)
/login.js  time:Wed Dec 18 2019 22:04:02 GMT+0800 (GMT+08:00)
服务开启  time:Wed Dec 18 2019 22:04:16 GMT+0800 (GMT+08:00)
/index.html  time:Wed Dec 18 2019 22:04:17 GMT+0800 (GMT+08:00)
/index.css  time:Wed Dec 18 2019 22:04:17 GMT+0800 (GMT+08:00)
/login.js  time:Wed Dec 18 2019 22:04:17 GMT+0800 (GMT+08:00)
服务开启  time:Wed Dec 18 2019 22:04:46 GMT+0800 (GMT+08:00)
/index.html  time:Wed Dec 18 2019 22:04:47 GMT+0800 (GMT+08:00)
/index.css  time:Wed Dec 18 2019 22:04:47 GMT+0800 (GMT+08:00)
/login.js  time:Wed Dec 18 2019 22:04:47 GMT+0800 (GMT+08:00)
服务开启  time:Wed Dec 18 2019 22:08:26 GMT+0800 (GMT+08:00)
/index.html  time:Wed Dec 18 2019 22:08:29 GMT+0800 (GMT+08:00)
/index.css  time:Wed Dec 18 2019 22:08:29 GMT+0800 (GMT+08:00)
/login.js  time:Wed Dec 18 2019 22:08:29 GMT+0800 (GMT+08:00)
/index.html  time:Wed Dec 18 2019 22:08:46 GMT+0800 (GMT+08:00)
/login.js  time:Wed Dec 18 2019 22:08:46 GMT+0800 (GMT+08:00)
/index.css  time:Wed Dec 18 2019 22:08:46 GMT+0800 (GMT+08:00)
服务开启  time:Wed Dec 18 2019 22:08:55 GMT+0800 (GMT+08:00)
服务开启  time:Wed Dec 18 2019 22:08:57 GMT+0800 (GMT+08:00)
/index.html  time:Wed Dec 18 2019 22:08:59 GMT+0800 (GMT+08:00)
/index.css  time:Wed Dec 18 2019 22:08:59 GMT+0800 (GMT+08:00)
/login.js  time:Wed Dec 18 2019 22:08:59 GMT+0800 (GMT+08:00)
/login  time:Wed Dec 18 2019 22:09:07 GMT+0800 (GMT+08:00)
服务开启  time:Wed Dec 18 2019 22:10:18 GMT+0800 (GMT+08:00)
/index.html  time:Wed Dec 18 2019 22:10:21 GMT+0800 (GMT+08:00)
/index.css  time:Wed Dec 18 2019 22:10:21 GMT+0800 (GMT+08:00)
/login.js  time:Wed Dec 18 2019 22:10:21 GMT+0800 (GMT+08:00)
/index.html  time:Wed Dec 18 2019 22:10:32 GMT+0800 (GMT+08:00)
/index.css  time:Wed Dec 18 2019 22:10:32 GMT+0800 (GMT+08:00)
/login.js  time:Wed Dec 18 2019 22:10:32 GMT+0800 (GMT+08:00)
/login  time:Wed Dec 18 2019 22:10:37 GMT+0800 (GMT+08:00)
/main.html  time:Wed Dec 18 2019 22:10:38 GMT+0800 (GMT+08:00)
/login  time:Wed Dec 18 2019 22:10:48 GMT+0800 (GMT+08:00)
/main.html  time:Wed Dec 18 2019 22:10:48 GMT+0800 (GMT+08:00)
/main.html  time:Wed Dec 18 2019 22:11:09 GMT+0800 (GMT+08:00)
服务开启  time:Wed Dec 18 2019 22:12:04 GMT+0800 (GMT+08:00)
/index.html  time:Wed Dec 18 2019 22:12:06 GMT+0800 (GMT+08:00)
/index.css  time:Wed Dec 18 2019 22:12:06 GMT+0800 (GMT+08:00)
/login.js  time:Wed Dec 18 2019 22:12:06 GMT+0800 (GMT+08:00)
服务开启  time:Wed Dec 18 2019 22:12:10 GMT+0800 (GMT+08:00)
/login  time:Wed Dec 18 2019 22:12:17 GMT+0800 (GMT+08:00)
/main.html  time:Wed Dec 18 2019 22:12:17 GMT+0800 (GMT+08:00)
/index.html  time:Wed Dec 18 2019 22:12:37 GMT+0800 (GMT+08:00)
/index.css  time:Wed Dec 18 2019 22:12:37 GMT+0800 (GMT+08:00)
服务开启  time:Wed Dec 18 2019 22:18:09 GMT+0800 (GMT+08:00)
/index.html  time:Wed Dec 18 2019 22:18:11 GMT+0800 (GMT+08:00)
/index.css  time:Wed Dec 18 2019 22:18:11 GMT+0800 (GMT+08:00)
/index.html  time:Wed Dec 18 2019 22:19:38 GMT+0800 (GMT+08:00)
/index.css  time:Wed Dec 18 2019 22:19:38 GMT+0800 (GMT+08:00)
服务开启  time:Wed Dec 18 2019 22:19:41 GMT+0800 (GMT+08:00)
/index.html  time:Wed Dec 18 2019 22:19:42 GMT+0800 (GMT+08:00)
/index.css  time:Wed Dec 18 2019 22:19:42 GMT+0800 (GMT+08:00)
服务开启  time:Wed Dec 18 2019 22:21:06 GMT+0800 (GMT+08:00)
/index.html  time:Wed Dec 18 2019 22:21:08 GMT+0800 (GMT+08:00)
/index.css  time:Wed Dec 18 2019 22:21:08 GMT+0800 (GMT+08:00)
/main.html  time:Wed Dec 18 2019 22:21:35 GMT+0800 (GMT+08:00)
服务开启  time:Wed Dec 18 2019 22:22:06 GMT+0800 (GMT+08:00)
/index.html  time:Wed Dec 18 2019 22:22:07 GMT+0800 (GMT+08:00)
/index.css  time:Wed Dec 18 2019 22:22:07 GMT+0800 (GMT+08:00)
/login  time:Wed Dec 18 2019 22:22:13 GMT+0800 (GMT+08:00)
/main.html  time:Wed Dec 18 2019 22:22:14 GMT+0800 (GMT+08:00)
/index.html  time:Wed Dec 18 2019 22:22:44 GMT+0800 (GMT+08:00)
/index.css  time:Wed Dec 18 2019 22:22:44 GMT+0800 (GMT+08:00)
/login  time:Wed Dec 18 2019 22:22:48 GMT+0800 (GMT+08:00)
/main.html  time:Wed Dec 18 2019 22:22:48 GMT+0800 (GMT+08:00)
/main.html  time:Wed Dec 18 2019 22:23:04 GMT+0800 (GMT+08:00)
/main.html  time:Wed Dec 18 2019 22:23:05 GMT+0800 (GMT+08:00)
/main.html  time:Wed Dec 18 2019 22:23:05 GMT+0800 (GMT+08:00)
/index.html  time:Wed Dec 18 2019 22:23:06 GMT+0800 (GMT+08:00)
/index.css  time:Wed Dec 18 2019 22:23:06 GMT+0800 (GMT+08:00)
/index.html  time:Wed Dec 18 2019 22:23:06 GMT+0800 (GMT+08:00)
/index.css  time:Wed Dec 18 2019 22:23:06 GMT+0800 (GMT+08:00)
/index.html  time:Wed Dec 18 2019 22:23:06 GMT+0800 (GMT+08:00)
/index.css  time:Wed Dec 18 2019 22:23:06 GMT+0800 (GMT+08:00)
/index.html  time:Wed Dec 18 2019 22:23:06 GMT+0800 (GMT+08:00)
/index.css  time:Wed Dec 18 2019 22:23:06 GMT+0800 (GMT+08:00)
/login  time:Wed Dec 18 2019 22:23:18 GMT+0800 (GMT+08:00)
/main.html  time:Wed Dec 18 2019 22:23:18 GMT+0800 (GMT+08:00)
服务开启  time:Wed Dec 18 2019 22:23:39 GMT+0800 (GMT+08:00)
/index.html  time:Wed Dec 18 2019 22:23:40 GMT+0800 (GMT+08:00)
/index.css  time:Wed Dec 18 2019 22:23:40 GMT+0800 (GMT+08:00)
/login  time:Wed Dec 18 2019 22:23:42 GMT+0800 (GMT+08:00)
/error.html  time:Wed Dec 18 2019 22:23:43 GMT+0800 (GMT+08:00)
/login  time:Wed Dec 18 2019 22:23:47 GMT+0800 (GMT+08:00)
/error.html  time:Wed Dec 18 2019 22:23:47 GMT+0800 (GMT+08:00)
/index.html  time:Wed Dec 18 2019 22:24:00 GMT+0800 (GMT+08:00)
/index.css  time:Wed Dec 18 2019 22:24:00 GMT+0800 (GMT+08:00)
/login  time:Wed Dec 18 2019 22:24:06 GMT+0800 (GMT+08:00)
/main.html  time:Wed Dec 18 2019 22:24:06 GMT+0800 (GMT+08:00)
/login  time:Wed Dec 18 2019 22:24:09 GMT+0800 (GMT+08:00)
/error.html  time:Wed Dec 18 2019 22:24:09 GMT+0800 (GMT+08:00)
/login  time:Wed Dec 18 2019 22:24:11 GMT+0800 (GMT+08:00)
/error.html  time:Wed Dec 18 2019 22:24:11 GMT+0800 (GMT+08:00)
服务开启  time:Wed Dec 18 2019 22:25:12 GMT+0800 (GMT+08:00)
